[21-04-2015 04:21:37] PayPal\Core\PPHttpConnection: INFO: POST https://api.paypal.com/v1/oauth2/token
[21-04-2015 04:21:37] PayPal\Core\PPHttpConnection: FINE: User-Agent: PayPalSDK/rest-sdk-php 0.13.2 (lang=PHP;v=5.5.4;bit=64;os=SunOS_5.11;machine=i86pc;openssl=1.0.1e;curl=7.32.0)
[21-04-2015 04:21:37] PayPal\Core\PPHttpConnection: FINE: Authorization: Basic QWVSWHpERnV6NVYzTWNoX1FWRkotV2RhcnZkN2ZqanFfSTRXaERqRDRFX2t0S2pDc0o0NnJoTHg2allkUmo0RXNjWFg4MkJkYVBWdzZGYkU6RU9JSEtVanFKSDV3OWVGNUV3QVVLaTJ1bXZHTFV6TkFCUngtZkd3M0tGRlg4ZmxKUHpnWHlCbTVuOGk0emxTdGZVVkd3djhuaEtvNVUwYWM=
[21-04-2015 04:21:37] PayPal\Core\PPHttpConnection: FINE: Accept: */*
[21-04-2015 04:21:37] PayPal\Core\PPHttpConnection: FINE: Payload : grant_type=client_credentials

[21-04-2015 04:21:37] PayPal\Core\PPHttpConnection: FINE: Response : {"scope":"https://uri.paypal.com/services/subscriptions https://api.paypal.com/v1/payments/.* https://api.paypal.com/v1/vault/credit-card https://uri.paypal.com/services/applications/webhooks https://uri.paypal.com/services/payments/futurepayments openid https://uri.paypal.com/services/invoicing https://uri.paypal.com/payments/payouts https://api.paypal.com/v1/vault/credit-card/.* https://api.paypal.com/v1/payments/.*","access_token":"A015Czi05lLA2AyLoFKG62kMBX2H-ST30q6UyDso2cEDrf8","token_type":"Bearer","app_id":"APP-34210061CF481235G","expires_in":900}


[21-04-2015 04:21:37] PayPal\Core\PPHttpConnection: INFO: POST https://api.paypal.com/v1/vault/credit-card
[21-04-2015 04:21:37] PayPal\Core\PPHttpConnection: FINE: Content-Type: application/json
[21-04-2015 04:21:37] PayPal\Core\PPHttpConnection: FINE: User-Agent: PayPalSDK/rest-sdk-php 0.13.2 (lang=PHP;v=5.5.4;bit=64;os=SunOS_5.11;machine=i86pc;openssl=1.0.1e;curl=7.32.0)
[21-04-2015 04:21:37] PayPal\Core\PPHttpConnection: FINE: Authorization: Bearer A015Czi05lLA2AyLoFKG62kMBX2H-ST30q6UyDso2cEDrf8
[21-04-2015 04:21:37] PayPal\Core\PPHttpConnection: FINE: PayPal-Request-Id: 27830244147950142959009735851
[21-04-2015 04:21:37] PayPal\Core\PPHttpConnection: FINE: Payload : {"first_name":"test1","last_name":"test1","type":"visa","number":"4111111111111113","cvv2":"652","expire_month":"01","expire_year":"2018"}

[21-04-2015 04:21:43] PayPal\Core\PPHttpConnection: FINE: Response : {"name":"VALIDATION_ERROR","details":[{"field":"number","issue":"Value is invalid"}],"message":"Invalid request - see details","information_link":"https://developer.paypal.com/docs/api/#VALIDATION_ERROR","debug_id":"4c71f65794767"}


[21-04-2015 05:09:27] PayPal\Core\PPHttpConnection: INFO: POST https://api.paypal.com/v1/oauth2/token
[21-04-2015 05:09:27] PayPal\Core\PPHttpConnection: FINE: User-Agent: PayPalSDK/rest-sdk-php 0.13.2 (lang=PHP;v=5.5.4;bit=64;os=SunOS_5.11;machine=i86pc;openssl=1.0.1e;curl=7.32.0)
[21-04-2015 05:09:27] PayPal\Core\PPHttpConnection: FINE: Authorization: Basic QWVSWHpERnV6NVYzTWNoX1FWRkotV2RhcnZkN2ZqanFfSTRXaERqRDRFX2t0S2pDc0o0NnJoTHg2allkUmo0RXNjWFg4MkJkYVBWdzZGYkU6RU9JSEtVanFKSDV3OWVGNUV3QVVLaTJ1bXZHTFV6TkFCUngtZkd3M0tGRlg4ZmxKUHpnWHlCbTVuOGk0emxTdGZVVkd3djhuaEtvNVUwYWM=
[21-04-2015 05:09:27] PayPal\Core\PPHttpConnection: FINE: Accept: */*
[21-04-2015 05:09:27] PayPal\Core\PPHttpConnection: FINE: Payload : grant_type=client_credentials

[21-04-2015 05:09:28] PayPal\Core\PPHttpConnection: FINE: Response : {"scope":"https://uri.paypal.com/services/subscriptions https://api.paypal.com/v1/payments/.* https://api.paypal.com/v1/vault/credit-card https://uri.paypal.com/services/applications/webhooks https://uri.paypal.com/services/payments/futurepayments openid https://uri.paypal.com/services/invoicing https://uri.paypal.com/payments/payouts https://api.paypal.com/v1/vault/credit-card/.* https://api.paypal.com/v1/payments/.*","access_token":"A015AF3Xb6eSljqS33NxevkvmwNFFDL9tNFzoUjQXLBwPR0","token_type":"Bearer","app_id":"APP-34210061CF481235G","expires_in":900}


[21-04-2015 05:09:28] PayPal\Core\PPHttpConnection: INFO: POST https://api.paypal.com/v1/vault/credit-card
[21-04-2015 05:09:28] PayPal\Core\PPHttpConnection: FINE: Content-Type: application/json
[21-04-2015 05:09:28] PayPal\Core\PPHttpConnection: FINE: User-Agent: PayPalSDK/rest-sdk-php 0.13.2 (lang=PHP;v=5.5.4;bit=64;os=SunOS_5.11;machine=i86pc;openssl=1.0.1e;curl=7.32.0)
[21-04-2015 05:09:28] PayPal\Core\PPHttpConnection: FINE: Authorization: Bearer A015AF3Xb6eSljqS33NxevkvmwNFFDL9tNFzoUjQXLBwPR0
[21-04-2015 05:09:28] PayPal\Core\PPHttpConnection: FINE: PayPal-Request-Id: 278302441432456142959296745129
[21-04-2015 05:09:28] PayPal\Core\PPHttpConnection: FINE: Payload : {"first_name":"TzeYee","last_name":"Szeto","type":"visa","number":"XXXXXXXXXXXX6813","cvv2":"975","expire_month":"11","expire_year":"2015"}

[21-04-2015 05:09:28] PayPal\Core\PPHttpConnection: FINE: Response : {"id":"CARD-70B49550CN401591KKU25XCA","state":"ok","type":"visa","number":"xxxxxxxxxxxx6813","expire_month":"11","expire_year":"2015","first_name":"TzeYee","last_name":"Szeto","valid_until":"2018-04-20T00:00:00Z","create_time":"2015-04-21T05:09:28Z","update_time":"2015-04-21T05:09:28Z","links":[{"href":"https://api.paypal.com/v1/vault/credit-card/CARD-70B49550CN401591KKU25XCA","rel":"self","method":"GET"},{"href":"https://api.paypal.com/v1/vault/credit-card/CARD-70B49550CN401591KKU25XCA","rel":"delete","method":"DELETE"},{"href":"https://api.paypal.com/v1/vault/credit-card/CARD-70B49550CN401591KKU25XCA","rel":"patch","method":"PATCH"}]}


[21-04-2015 05:11:42] PayPal\Core\PPHttpConnection: INFO: POST https://api.paypal.com/v1/oauth2/token
[21-04-2015 05:11:42] PayPal\Core\PPHttpConnection: FINE: User-Agent: PayPalSDK/rest-sdk-php 0.13.2 (lang=PHP;v=5.5.4;bit=64;os=SunOS_5.11;machine=i86pc;openssl=1.0.1e;curl=7.32.0)
[21-04-2015 05:11:42] PayPal\Core\PPHttpConnection: FINE: Authorization: Basic QWVSWHpERnV6NVYzTWNoX1FWRkotV2RhcnZkN2ZqanFfSTRXaERqRDRFX2t0S2pDc0o0NnJoTHg2allkUmo0RXNjWFg4MkJkYVBWdzZGYkU6RU9JSEtVanFKSDV3OWVGNUV3QVVLaTJ1bXZHTFV6TkFCUngtZkd3M0tGRlg4ZmxKUHpnWHlCbTVuOGk0emxTdGZVVkd3djhuaEtvNVUwYWM=
[21-04-2015 05:11:42] PayPal\Core\PPHttpConnection: FINE: Accept: */*
[21-04-2015 05:11:42] PayPal\Core\PPHttpConnection: FINE: Payload : grant_type=client_credentials

[21-04-2015 05:11:43] PayPal\Core\PPHttpConnection: FINE: Response : {"scope":"https://uri.paypal.com/services/subscriptions https://api.paypal.com/v1/payments/.* https://api.paypal.com/v1/vault/credit-card https://uri.paypal.com/services/applications/webhooks https://uri.paypal.com/services/payments/futurepayments openid https://uri.paypal.com/services/invoicing https://uri.paypal.com/payments/payouts https://api.paypal.com/v1/vault/credit-card/.* https://api.paypal.com/v1/payments/.*","access_token":"A0155EG2I57EtUv.gTJzhRUbKsA0qaLi7goHRgrE0SCKpkU","token_type":"Bearer","app_id":"APP-34210061CF481235G","expires_in":900}


[21-04-2015 05:11:43] PayPal\Core\PPHttpConnection: INFO: POST https://api.paypal.com/v1/payments/payment
[21-04-2015 05:11:43] PayPal\Core\PPHttpConnection: FINE: Content-Type: application/json
[21-04-2015 05:11:43] PayPal\Core\PPHttpConnection: FINE: User-Agent: PayPalSDK/rest-sdk-php 0.13.2 (lang=PHP;v=5.5.4;bit=64;os=SunOS_5.11;machine=i86pc;openssl=1.0.1e;curl=7.32.0)
[21-04-2015 05:11:43] PayPal\Core\PPHttpConnection: FINE: Authorization: Bearer A0155EG2I57EtUv.gTJzhRUbKsA0qaLi7goHRgrE0SCKpkU
[21-04-2015 05:11:43] PayPal\Core\PPHttpConnection: FINE: PayPal-Request-Id: 27830244143245614295931024808
[21-04-2015 05:11:43] PayPal\Core\PPHttpConnection: FINE: Payload : {"intent":"sale","payer":{"payment_method":"credit_card","funding_instruments":[{"credit_card_token":{"credit_card_id":"CARD-70B49550CN401591KKU25XCA"}}]},"transactions":[{"amount":{"currency":"JPY","total":200},"description":"Paypal transaction"}]}

[21-04-2015 05:11:46] PayPal\Core\PPHttpConnection: FINE: Response : {"id":"PAY-2K4021033R951930JKU25YEA","create_time":"2015-04-21T05:11:44Z","update_time":"2015-04-21T05:11:46Z","state":"approved","intent":"sale","payer":{"payment_method":"credit_card","funding_instruments":[{"credit_card_token":{"credit_card_id":"CARD-70B49550CN401591KKU25XCA","last4":"6813","type":"visa","expire_month":"11","expire_year":"2015"}}]},"transactions":[{"amount":{"total":"200","currency":"JPY","details":{"subtotal":"200"}},"description":"Paypal transaction","related_resources":[{"sale":{"id":"2E447335R4044203M","create_time":"2015-04-21T05:11:44Z","update_time":"2015-04-21T05:11:46Z","amount":{"total":"200","currency":"JPY"},"state":"pending","parent_payment":"PAY-2K4021033R951930JKU25YEA","links":[{"href":"https://api.paypal.com/v1/payments/sale/2E447335R4044203M","rel":"self","method":"GET"},{"href":"https://api.paypal.com/v1/payments/sale/2E447335R4044203M/refund","rel":"refund","method":"POST"},{"href":"https://api.paypal.com/v1/payments/payment/PAY-2K4021033R951930JKU25YEA","rel":"parent_payment","method":"GET"}]}}]}],"links":[{"href":"https://api.paypal.com/v1/payments/payment/PAY-2K4021033R951930JKU25YEA","rel":"self","method":"GET"}]}


